<?xml version="1.0" encoding="UTF-8"?>
<testsuite name="demoqa.tests.AutomationPracticeFormTests" tests="1" skipped="0" failures="0" errors="0" timestamp="2023-01-05T17:29:39" hostname="KKAIYRBEKOV" time="155.94">
  <properties/>
  <testcase name="firstTest()" classname="demoqa.tests.AutomationPracticeFormTests" time="155.94"/>
  <system-out><![CDATA[]]></system-out>
  <system-err><![CDATA[янв. 05, 2023 11:29:41 PM org.openqa.selenium.remote.RemoteWebDriver checkNonW3CCapabilities
WARNING: Support for Legacy Capabilities is deprecated; You are sending the following invalid capabilities: [enableVNC, enableVideo]; Please update to W3C Syntax: https://www.selenium.dev/blog/2022/legacy-protocol-support/
янв. 05, 2023 11:29:50 PM org.openqa.selenium.remote.ProtocolHandshake createSession
WARNING: Support for Legacy Capabilities is deprecated; You are sending the following invalid capabilities: [enableVNC, enableVideo]; Please update to W3C Syntax: https://www.selenium.dev/blog/2022/legacy-protocol-support/
]]></system-err>
</testsuite>
